# configure exec: ./configure 
# On Sun Sep 23 15:10:46 UTC 2018
DBG: ccenv: WITH_CC:  --version failed: mklove/modules/configure.base: line 1104: --version: command not found
DBG: Check ccenv (WITH_CC, action cont (originally cont)) failed: command ' --version' failed:
mklove/modules/configure.base: line 1104: --version: command not found
DBG: cxxenv: WITH_CXX:  --version failed: mklove/modules/configure.base: line 1104: --version: command not found
DBG: Check cxxenv (WITH_CXX, action cont (originally cont)) failed: command ' --version' failed:
mklove/modules/configure.base: line 1104: --version: command not found
DBG: pkgconfig: WITH_PKGCONFIG: pkg-config --version failed: mklove/modules/configure.base: line 1104: pkg-config: command not found
DBG: Check pkgconfig (WITH_PKGCONFIG, action cont (originally cont)) failed: command 'pkg-config --version' failed:
mklove/modules/configure.base: line 1104: pkg-config: command not found
DBG: Compile check PIC (HAVE_PIC): gcc  -g -O2 -Wall -Werror -fPIC _mkltmp7CSntX.c -o _mkltmp7CSntX.c.o  
DBG: Compile check gnulib (WITH_GNULD): gcc  -g -O2 -fPIC -Wall -Werror -shared -Wl,-soname,mkltest.0 _mkltmpajvaMT.c -o _mkltmpajvaMT.c.o  
DBG: Compile check ldsflagvs (): gcc  -g -O2 -fPIC -Wall -Werror -shared -Wl,--version-script=_mkltmpb7sWuk _mkltmpuypR2F.c -o _mkltmpuypR2F.c.o  
DBG: Compile check __atomic_32 (HAVE_ATOMICS_32): gcc  -g -O2 -fPIC -Wall -Werror  _mkltmpxMyQBd.c -o _mkltmpxMyQBd.c.o  
DBG: Compile check __atomic_64 (HAVE_ATOMICS_64): gcc  -g -O2 -fPIC -Wall -Werror  _mkltmpnW2t6X.c -o _mkltmpnW2t6X.c.o  
DBG: Compile check socket (): gcc  -g -O2 -fPIC -Wall -Wsign-compare -Wfloat-equal -Wpointer-arith -Wall -Werror  _mkltmpZeQ2mF.c -o _mkltmpZeQ2mF.c.o  
DBG: Compile check libpthread (): gcc  -g -O2 -fPIC -Wall -Wsign-compare -Wfloat-equal -Wpointer-arith -Wall -Werror -lpthread _mkltmpjovCtK.c -o _mkltmpjovCtK.c.o  
DBG: Compile check zlib (WITH_ZLIB): gcc  -g -O2 -fPIC -Wall -Wsign-compare -Wfloat-equal -Wpointer-arith -Wall -Werror -lz _mkltmp80NRfS.c -o _mkltmp80NRfS.c.o  
DBG: Compile check libcrypto (): gcc  -g -O2 -fPIC -Wall -Wsign-compare -Wfloat-equal -Wpointer-arith -Wall -Werror -lcrypto _mkltmpJimy4V.c -o _mkltmpJimy4V.c.o  
DBG: Compile check liblz4 (WITH_LZ4): gcc  -g -O2 -fPIC -Wall -Wsign-compare -Wfloat-equal -Wpointer-arith -Wall -Werror -llz4 _mkltmpi6Wxac.c -o _mkltmpi6Wxac.c.o  
DBG: compile check for liblz4 (WITH_LZ4) failed: gcc  -g -O2 -fPIC -Wall -Wsign-compare -Wfloat-equal -Wpointer-arith -Wall -Werror -llz4 _mkltmpi6Wxac.c -o _mkltmpi6Wxac.c.o  : /usr/bin/ld: cannot find -llz4
collect2: error: ld returned 1 exit status
DBG: Check liblz4 (WITH_LZ4, action disable (originally disable)) failed: compile check failed:
CC: CC
flags: -llz4
gcc  -g -O2 -fPIC -Wall -Wsign-compare -Wfloat-equal -Wpointer-arith -Wall -Werror -llz4 _mkltmpi6Wxac.c -o _mkltmpi6Wxac.c.o  :
/usr/bin/ld: cannot find -llz4
collect2: error: ld returned 1 exit status
source: 
DBG: Compile check libssl (WITH_SSL): gcc  -g -O2 -fPIC -Wall -Wsign-compare -Wfloat-equal -Wpointer-arith -Wall -Werror -lssl _mkltmpe3gri2.c -o _mkltmpe3gri2.c.o  
DBG: Compile check libsasl2 (WITH_SASL): gcc  -g -O2 -fPIC -Wall -Wsign-compare -Wfloat-equal -Wpointer-arith -Wall -Werror -lsasl2 _mkltmpRpjZpd.c -o _mkltmpRpjZpd.c.o  
DBG: Compile check regex (HAVE_REGEX): gcc  -g -O2 -fPIC -Wall -Wsign-compare -Wfloat-equal -Wpointer-arith -Wall -Werror  _mkltmpFPcrmP.c -o _mkltmpFPcrmP.c.o  
DBG: Compile check librt (): gcc  -g -O2 -fPIC -Wall -Wsign-compare -Wfloat-equal -Wpointer-arith -Wall -Werror -lrt _mkltmpc0CU1Q.c -o _mkltmpc0CU1Q.c.o  
DBG: Compile check strndup (HAVE_STRNDUP): gcc  -g -O2 -fPIC -Wall -Wsign-compare -Wfloat-equal -Wpointer-arith -Wall -Werror  _mkltmpu9Fc0V.c -o _mkltmpu9Fc0V.c.o  
