# configure exec: ./configure --prefix=/home/rjsadaye/devilsinvent/examples/node_modules/node-rdkafka/build/deps --libdir=/home/rjsadaye/devilsinvent/examples/node_modules/node-rdkafka/build/deps --prefix=/home/rjsadaye/devilsinvent/examples/node_modules/node-rdkafka/build/deps --libdir=/home/rjsadaye/devilsinvent/examples/node_modules/node-rdkafka/build/deps
# On Sun Sep 23 15:14:53 UTC 2018
DBG: ccenv: WITH_CC:  --version failed: mklove/modules/configure.base: line 1183: --version: command not found
DBG: Check ccenv (WITH_CC, action cont (originally cont)) failed: command ' --version' failed:
mklove/modules/configure.base: line 1183: --version: command not found
DBG: cxxenv: WITH_CXX:  --version failed: mklove/modules/configure.base: line 1183: --version: command not found
DBG: Check cxxenv (WITH_CXX, action cont (originally cont)) failed: command ' --version' failed:
mklove/modules/configure.base: line 1183: --version: command not found
DBG: pkgconfig: WITH_PKGCONFIG: pkg-config --version failed: mklove/modules/configure.base: line 1183: pkg-config: command not found
DBG: Check pkgconfig (WITH_PKGCONFIG, action cont (originally cont)) failed: command 'pkg-config --version' failed:
mklove/modules/configure.base: line 1183: pkg-config: command not found
DBG: Compile check PIC (HAVE_PIC): gcc  -g -O2 -Wall -Werror _mkltmplZYwmx.c -o _mkltmplZYwmx.c.o  -L/home/rjsadaye/devilsinvent/examples/node_modules/node-rdkafka/build/deps -fPIC
DBG: Compile check gnulib (WITH_GNULD): gcc  -g -O2 -fPIC -Wall -Werror _mkltmpP5gwsA.c -o _mkltmpP5gwsA.c.o  -L/home/rjsadaye/devilsinvent/examples/node_modules/node-rdkafka/build/deps -shared -Wl,-soname,mkltest.0
DBG: Compile check ldsflagvs (): gcc  -g -O2 -fPIC -Wall -Werror _mkltmpidOwjX.c -o _mkltmpidOwjX.c.o  -L/home/rjsadaye/devilsinvent/examples/node_modules/node-rdkafka/build/deps -shared -Wl,--version-script=_mkltmpNwOft9
DBG: Compile check __atomic_32 (HAVE_ATOMICS_32): gcc  -g -O2 -fPIC -Wall -Werror _mkltmpMEgObv.c -o _mkltmpMEgObv.c.o  -L/home/rjsadaye/devilsinvent/examples/node_modules/node-rdkafka/build/deps 
DBG: Compile check __atomic_64 (HAVE_ATOMICS_64): gcc  -g -O2 -fPIC -Wall -Werror _mkltmpM1bT8w.c -o _mkltmpM1bT8w.c.o  -L/home/rjsadaye/devilsinvent/examples/node_modules/node-rdkafka/build/deps 
DBG: Compile check socket (): gcc  -g -O2 -fPIC -Wall -Wsign-compare -Wfloat-equal -Wpointer-arith -Wcast-align -Wall -Werror _mkltmpm5MMld.c -o _mkltmpm5MMld.c.o  -L/home/rjsadaye/devilsinvent/examples/node_modules/node-rdkafka/build/deps 
DBG: Compile check librt (): gcc  -g -O2 -fPIC -Wall -Wsign-compare -Wfloat-equal -Wpointer-arith -Wcast-align -Wall -Werror _mkltmpuZiKoV.c -o _mkltmpuZiKoV.c.o  -L/home/rjsadaye/devilsinvent/examples/node_modules/node-rdkafka/build/deps -lrt
DBG: Compile check libpthread (): gcc  -g -O2 -fPIC -Wall -Wsign-compare -Wfloat-equal -Wpointer-arith -Wcast-align -Wall -Werror _mkltmpxPkuG8.c -o _mkltmpxPkuG8.c.o  -L/home/rjsadaye/devilsinvent/examples/node_modules/node-rdkafka/build/deps -lpthread
DBG: Compile check libdl (WITH_LIBDL): gcc  -g -O2 -fPIC -Wall -Wsign-compare -Wfloat-equal -Wpointer-arith -Wcast-align -Wall -Werror _mkltmpM9sIu3.c -o _mkltmpM9sIu3.c.o  -L/home/rjsadaye/devilsinvent/examples/node_modules/node-rdkafka/build/deps -ldl
DBG: Compile check zlib (WITH_ZLIB): gcc  -g -O2 -fPIC -Wall -Wsign-compare -Wfloat-equal -Wpointer-arith -Wcast-align -Wall -Werror _mkltmplWAxAY.c -o _mkltmplWAxAY.c.o  -L/home/rjsadaye/devilsinvent/examples/node_modules/node-rdkafka/build/deps -lz
DBG: Compile check libcrypto (): gcc  -g -O2 -fPIC -Wall -Wsign-compare -Wfloat-equal -Wpointer-arith -Wcast-align -Wall -Werror _mkltmpOo32wO.c -o _mkltmpOo32wO.c.o  -L/home/rjsadaye/devilsinvent/examples/node_modules/node-rdkafka/build/deps -lcrypto
DBG: Compile check libm (): gcc  -g -O2 -fPIC -Wall -Wsign-compare -Wfloat-equal -Wpointer-arith -Wcast-align -Wall -Werror _mkltmplC6Oaq.c -o _mkltmplC6Oaq.c.o  -L/home/rjsadaye/devilsinvent/examples/node_modules/node-rdkafka/build/deps -lm
DBG: Compile check liblz4 (WITH_LZ4_EXT): gcc  -g -O2 -fPIC -Wall -Wsign-compare -Wfloat-equal -Wpointer-arith -Wcast-align -Wall -Werror _mkltmpQHuYgH.c -o _mkltmpQHuYgH.c.o  -L/home/rjsadaye/devilsinvent/examples/node_modules/node-rdkafka/build/deps -llz4
DBG: compile check for liblz4 (WITH_LZ4_EXT) failed: gcc  -g -O2 -fPIC -Wall -Wsign-compare -Wfloat-equal -Wpointer-arith -Wcast-align -Wall -Werror _mkltmpQHuYgH.c -o _mkltmpQHuYgH.c.o  -L/home/rjsadaye/devilsinvent/examples/node_modules/node-rdkafka/build/deps -llz4: _mkltmpQHuYgH.c:1:22: fatal error: lz4frame.h: No such file or directory
compilation terminated.
DBG: Check liblz4 (WITH_LZ4_EXT, action disable (originally disable)) failed: compile check failed:
CC: CC
flags: -llz4
gcc  -g -O2 -fPIC -Wall -Wsign-compare -Wfloat-equal -Wpointer-arith -Wcast-align -Wall -Werror _mkltmpQHuYgH.c -o _mkltmpQHuYgH.c.o  -L/home/rjsadaye/devilsinvent/examples/node_modules/node-rdkafka/build/deps -llz4:
_mkltmpQHuYgH.c:1:22: fatal error: lz4frame.h: No such file or directory
compilation terminated.
source: #include <lz4frame.h>
DBG: Compile check rapidjson (WITH_RAPIDJSON): g++  -g -O2 -fPIC -Wall -Wsign-compare -Wfloat-equal -Wpointer-arith -Wcast-align -Wall -Werror _mkltmpkt5Jca.cpp -o _mkltmpkt5Jca.cpp.o  -L/home/rjsadaye/devilsinvent/examples/node_modules/node-rdkafka/build/deps 
DBG: compile check for rapidjson (WITH_RAPIDJSON) failed: g++  -g -O2 -fPIC -Wall -Wsign-compare -Wfloat-equal -Wpointer-arith -Wcast-align -Wall -Werror _mkltmpkt5Jca.cpp -o _mkltmpkt5Jca.cpp.o  -L/home/rjsadaye/devilsinvent/examples/node_modules/node-rdkafka/build/deps : _mkltmpkt5Jca.cpp:1:30: fatal error: rapidjson/schema.h: No such file or directory
compilation terminated.
DBG: Check rapidjson (WITH_RAPIDJSON, action disable (originally disable)) failed: compile check failed:
CC: CXX
flags: 
g++  -g -O2 -fPIC -Wall -Wsign-compare -Wfloat-equal -Wpointer-arith -Wcast-align -Wall -Werror _mkltmpkt5Jca.cpp -o _mkltmpkt5Jca.cpp.o  -L/home/rjsadaye/devilsinvent/examples/node_modules/node-rdkafka/build/deps :
_mkltmpkt5Jca.cpp:1:30: fatal error: rapidjson/schema.h: No such file or directory
compilation terminated.
source: #include <rapidjson/schema.h>
DBG: Compile check libssl (WITH_SSL): gcc  -g -O2 -fPIC -Wall -Wsign-compare -Wfloat-equal -Wpointer-arith -Wcast-align -Wall -Werror _mkltmpbKW7EW.c -o _mkltmpbKW7EW.c.o  -L/home/rjsadaye/devilsinvent/examples/node_modules/node-rdkafka/build/deps -lssl
DBG: Compile check libsasl2 (WITH_SASL_CYRUS): gcc  -g -O2 -fPIC -Wall -Wsign-compare -Wfloat-equal -Wpointer-arith -Wcast-align -Wall -Werror _mkltmpvhr2pe.c -o _mkltmpvhr2pe.c.o  -L/home/rjsadaye/devilsinvent/examples/node_modules/node-rdkafka/build/deps -lsasl2
DBG: Compile check crc32chw (WITH_CRC32C_HW): gcc  -g -O2 -fPIC -Wall -Wsign-compare -Wfloat-equal -Wpointer-arith -Wcast-align -Wall -Werror _mkltmpKQakO4.c -o _mkltmpKQakO4.c.o  -L/home/rjsadaye/devilsinvent/examples/node_modules/node-rdkafka/build/deps 
DBG: Compile check regex (HAVE_REGEX): gcc  -g -O2 -fPIC -Wall -Wsign-compare -Wfloat-equal -Wpointer-arith -Wcast-align -Wall -Werror _mkltmpGq5ACI.c -o _mkltmpGq5ACI.c.o  -L/home/rjsadaye/devilsinvent/examples/node_modules/node-rdkafka/build/deps 
DBG: Compile check strndup (HAVE_STRNDUP): gcc  -g -O2 -fPIC -Wall -Wsign-compare -Wfloat-equal -Wpointer-arith -Wcast-align -Wall -Werror _mkltmpyhMWAK.c -o _mkltmpyhMWAK.c.o  -L/home/rjsadaye/devilsinvent/examples/node_modules/node-rdkafka/build/deps 
DBG: Compile check strerror_r (HAVE_STRERROR_R): gcc  -g -O2 -fPIC -Wall -Wsign-compare -Wfloat-equal -Wpointer-arith -Wcast-align -Wall -Werror _mkltmpXgVMUe.c -o _mkltmpXgVMUe.c.o  -L/home/rjsadaye/devilsinvent/examples/node_modules/node-rdkafka/build/deps 
DBG: Compile check pthread_setname_gnu (HAVE_PTHREAD_SETNAME_GNU): gcc  -g -O2 -fPIC -Wall -Wsign-compare -Wfloat-equal -Wpointer-arith -Wcast-align -Wall -Werror _mkltmpvAR4rN.c -o _mkltmpvAR4rN.c.o  -L/home/rjsadaye/devilsinvent/examples/node_modules/node-rdkafka/build/deps -D_GNU_SOURCE -lpthread
