# configure exec: ./configure 
# On Sun Sep 23 15:17:06 UTC 2018
DBG: ccenv: WITH_CC:  --version failed: mklove/modules/configure.base: line 1104: --version: command not found
DBG: Check ccenv (WITH_CC, action cont (originally cont)) failed: command ' --version' failed:
mklove/modules/configure.base: line 1104: --version: command not found
DBG: cxxenv: WITH_CXX:  --version failed: mklove/modules/configure.base: line 1104: --version: command not found
DBG: Check cxxenv (WITH_CXX, action cont (originally cont)) failed: command ' --version' failed:
mklove/modules/configure.base: line 1104: --version: command not found
DBG: pkgconfig: WITH_PKGCONFIG: pkg-config --version failed: mklove/modules/configure.base: line 1104: pkg-config: command not found
DBG: Check pkgconfig (WITH_PKGCONFIG, action cont (originally cont)) failed: command 'pkg-config --version' failed:
mklove/modules/configure.base: line 1104: pkg-config: command not found
DBG: Compile check PIC (HAVE_PIC): gcc  -g -O2 -Wall -Werror -fPIC _mkltmpjYFUeX.c -o _mkltmpjYFUeX.c.o  
DBG: Compile check gnulib (WITH_GNULD): gcc  -g -O2 -fPIC -Wall -Werror -shared -Wl,-soname,mkltest.0 _mkltmp7lNCJt.c -o _mkltmp7lNCJt.c.o  
DBG: Compile check ldsflagvs (): gcc  -g -O2 -fPIC -Wall -Werror -shared -Wl,--version-script=_mkltmppjXmHF _mkltmpMqIpbH.c -o _mkltmpMqIpbH.c.o  
DBG: Compile check __atomic_32 (HAVE_ATOMICS_32): gcc  -g -O2 -fPIC -Wall -Werror  _mkltmpJRHw4C.c -o _mkltmpJRHw4C.c.o  
DBG: Compile check __atomic_64 (HAVE_ATOMICS_64): gcc  -g -O2 -fPIC -Wall -Werror  _mkltmpCZ0ubm.c -o _mkltmpCZ0ubm.c.o  
DBG: Compile check socket (): gcc  -g -O2 -fPIC -Wall -Wsign-compare -Wfloat-equal -Wpointer-arith -Wall -Werror  _mkltmpYZ0Sv0.c -o _mkltmpYZ0Sv0.c.o  
DBG: Compile check libpthread (): gcc  -g -O2 -fPIC -Wall -Wsign-compare -Wfloat-equal -Wpointer-arith -Wall -Werror -lpthread _mkltmpOWt8Oo.c -o _mkltmpOWt8Oo.c.o  
DBG: Compile check zlib (WITH_ZLIB): gcc  -g -O2 -fPIC -Wall -Wsign-compare -Wfloat-equal -Wpointer-arith -Wall -Werror -lz _mkltmpsovnrd.c -o _mkltmpsovnrd.c.o  
DBG: Compile check libcrypto (): gcc  -g -O2 -fPIC -Wall -Wsign-compare -Wfloat-equal -Wpointer-arith -Wall -Werror -lcrypto _mkltmpUCNlsq.c -o _mkltmpUCNlsq.c.o  
DBG: Compile check liblz4 (WITH_LZ4): gcc  -g -O2 -fPIC -Wall -Wsign-compare -Wfloat-equal -Wpointer-arith -Wall -Werror -llz4 _mkltmp9DtK0b.c -o _mkltmp9DtK0b.c.o  
DBG: compile check for liblz4 (WITH_LZ4) failed: gcc  -g -O2 -fPIC -Wall -Wsign-compare -Wfloat-equal -Wpointer-arith -Wall -Werror -llz4 _mkltmp9DtK0b.c -o _mkltmp9DtK0b.c.o  : /usr/bin/ld: cannot find -llz4
collect2: error: ld returned 1 exit status
DBG: Check liblz4 (WITH_LZ4, action disable (originally disable)) failed: compile check failed:
CC: CC
flags: -llz4
gcc  -g -O2 -fPIC -Wall -Wsign-compare -Wfloat-equal -Wpointer-arith -Wall -Werror -llz4 _mkltmp9DtK0b.c -o _mkltmp9DtK0b.c.o  :
/usr/bin/ld: cannot find -llz4
collect2: error: ld returned 1 exit status
source: 
DBG: Compile check libssl (WITH_SSL): gcc  -g -O2 -fPIC -Wall -Wsign-compare -Wfloat-equal -Wpointer-arith -Wall -Werror -lssl _mkltmpVyd7Pg.c -o _mkltmpVyd7Pg.c.o  
DBG: Compile check libsasl2 (WITH_SASL): gcc  -g -O2 -fPIC -Wall -Wsign-compare -Wfloat-equal -Wpointer-arith -Wall -Werror -lsasl2 _mkltmpjdmt26.c -o _mkltmpjdmt26.c.o  
DBG: Compile check regex (HAVE_REGEX): gcc  -g -O2 -fPIC -Wall -Wsign-compare -Wfloat-equal -Wpointer-arith -Wall -Werror  _mkltmpcxGdB4.c -o _mkltmpcxGdB4.c.o  
DBG: Compile check librt (): gcc  -g -O2 -fPIC -Wall -Wsign-compare -Wfloat-equal -Wpointer-arith -Wall -Werror -lrt _mkltmp5avv56.c -o _mkltmp5avv56.c.o  
DBG: Compile check strndup (HAVE_STRNDUP): gcc  -g -O2 -fPIC -Wall -Wsign-compare -Wfloat-equal -Wpointer-arith -Wall -Werror  _mkltmptKYWJe.c -o _mkltmptKYWJe.c.o  
